[2023-11-29 10:35:18 [32mINFO [0;39m restartedMain] [com.green.greengram3.Greengram3Application] [36mStarting Greengram3Application using Java 17.0.8.1 with PID 5868 (D:\Students\kth\greengram3\target\classes started by Administrator in D:\Students\kth\greengram3)[0;39m
[2023-11-29 10:35:18 [32mINFO [0;39m restartedMain] [com.green.greengram3.Greengram3Application] [36mNo active profile set, falling back to 1 default profile: "default"[0;39m
[2023-11-29 10:35:18 [32mINFO [0;39m restartedMain] [org.springframework.boot.devtools.env.DevToolsPropertyDefaultsPostProcessor] [36mDevtools property defaults active! Set 'spring.devtools.add-properties' to 'false' to disable[0;39m
[2023-11-29 10:35:18 [32mINFO [0;39m restartedMain] [org.springframework.boot.devtools.env.DevToolsPropertyDefaultsPostProcessor] [36mFor additional web related logging consider setting the 'logging.level.web' property to 'DEBUG'[0;39m
[2023-11-29 10:35:19 [33mWARN [0;39m restartedMain] [org.mybatis.spring.mapper.ClassPathMapperScanner] [36mNo MyBatis mapper was found in '[com.green.greengram3]' package. Please check your configuration.[0;39m
[2023-11-29 10:35:19 [32mINFO [0;39m restartedMain] [org.springframework.boot.web.embedded.tomcat.TomcatWebServer] [36mTomcat initialized with port 8080 (http)[0;39m
[2023-11-29 10:35:19 [32mINFO [0;39m restartedMain] [org.apache.coyote.http11.Http11NioProtocol] [36mInitializing ProtocolHandler ["http-nio-8080"][0;39m
[2023-11-29 10:35:19 [32mINFO [0;39m restartedMain] [org.apache.catalina.core.StandardService] [36mStarting service [Tomcat][0;39m
[2023-11-29 10:35:19 [32mINFO [0;39m restartedMain] [org.apache.catalina.core.StandardEngine] [36mStarting Servlet engine: [Apache Tomcat/10.1.16][0;39m
[2023-11-29 10:35:19 [32mINFO [0;39m restartedMain] [org.apache.catalina.core.ContainerBase.[Tomcat].[localhost].[/]] [36mInitializing Spring embedded WebApplicationContext[0;39m
[2023-11-29 10:35:19 [32mINFO [0;39m restartedMain] [org.springframework.boot.web.servlet.context.ServletWebServerApplicationContext] [36mRoot WebApplicationContext: initialization completed in 783 ms[0;39m
[2023-11-29 10:35:19 [32mINFO [0;39m restartedMain] [org.springframework.boot.devtools.autoconfigure.OptionalLiveReloadServer] [36mLiveReload server is running on port 35729[0;39m
[2023-11-29 10:35:19 [32mINFO [0;39m restartedMain] [org.apache.coyote.http11.Http11NioProtocol] [36mStarting ProtocolHandler ["http-nio-8080"][0;39m
[2023-11-29 10:35:19 [32mINFO [0;39m restartedMain] [org.springframework.boot.web.embedded.tomcat.TomcatWebServer] [36mTomcat started on port 8080 (http) with context path ''[0;39m
[2023-11-29 10:35:19 [32mINFO [0;39m restartedMain] [com.green.greengram3.Greengram3Application] [36mStarted Greengram3Application in 1.679 seconds (process running for 2.451)[0;39m
[2023-11-29 10:36:56 [32mINFO [0;39m File Watcher] [org.springframework.boot.devtools.autoconfigure.LocalDevToolsAutoConfiguration$RestartingClassPathChangeChangedEventListener] [36mRestarting due to 3 class path changes (0 additions, 0 deletions, 3 modifications)[0;39m
[2023-11-29 10:36:56 [32mINFO [0;39m Thread-5] [org.apache.coyote.http11.Http11NioProtocol] [36mStopping ProtocolHandler ["http-nio-8080"][0;39m
[2023-11-29 10:36:56 [32mINFO [0;39m restartedMain] [com.green.greengram3.Greengram3Application] [36mStarting Greengram3Application using Java 17.0.8.1 with PID 5868 (D:\Students\kth\greengram3\target\classes started by Administrator in D:\Students\kth\greengram3)[0;39m
[2023-11-29 10:36:56 [32mINFO [0;39m restartedMain] [com.green.greengram3.Greengram3Application] [36mNo active profile set, falling back to 1 default profile: "default"[0;39m
[2023-11-29 10:36:57 [33mWARN [0;39m restartedMain] [org.mybatis.spring.mapper.ClassPathMapperScanner] [36mNo MyBatis mapper was found in '[com.green.greengram3]' package. Please check your configuration.[0;39m
[2023-11-29 10:36:57 [32mINFO [0;39m restartedMain] [org.springframework.boot.web.embedded.tomcat.TomcatWebServer] [36mTomcat initialized with port 8080 (http)[0;39m
[2023-11-29 10:36:57 [32mINFO [0;39m restartedMain] [org.apache.coyote.http11.Http11NioProtocol] [36mInitializing ProtocolHandler ["http-nio-8080"][0;39m
[2023-11-29 10:36:57 [32mINFO [0;39m restartedMain] [org.apache.catalina.core.StandardService] [36mStarting service [Tomcat][0;39m
[2023-11-29 10:36:57 [32mINFO [0;39m restartedMain] [org.apache.catalina.core.StandardEngine] [36mStarting Servlet engine: [Apache Tomcat/10.1.16][0;39m
[2023-11-29 10:36:57 [32mINFO [0;39m restartedMain] [org.apache.catalina.core.ContainerBase.[Tomcat].[localhost].[/]] [36mInitializing Spring embedded WebApplicationContext[0;39m
[2023-11-29 10:36:57 [32mINFO [0;39m restartedMain] [org.springframework.boot.web.servlet.context.ServletWebServerApplicationContext] [36mRoot WebApplicationContext: initialization completed in 347 ms[0;39m
[2023-11-29 10:36:57 [32mINFO [0;39m restartedMain] [org.springframework.boot.devtools.autoconfigure.OptionalLiveReloadServer] [36mLiveReload server is running on port 35729[0;39m
[2023-11-29 10:36:57 [32mINFO [0;39m restartedMain] [org.apache.coyote.http11.Http11NioProtocol] [36mStarting ProtocolHandler ["http-nio-8080"][0;39m
[2023-11-29 10:36:57 [32mINFO [0;39m restartedMain] [org.springframework.boot.web.embedded.tomcat.TomcatWebServer] [36mTomcat started on port 8080 (http) with context path ''[0;39m
[2023-11-29 10:36:57 [32mINFO [0;39m restartedMain] [com.green.greengram3.Greengram3Application] [36mStarted Greengram3Application in 0.55 seconds (process running for 100.01)[0;39m
[2023-11-29 10:36:57 [32mINFO [0;39m restartedMain] [org.springframework.boot.devtools.autoconfigure.ConditionEvaluationDeltaLoggingListener] [36mCondition evaluation unchanged[0;39m
[2023-11-29 12:05:40 [32mINFO [0;39m restartedMain] [com.green.greengram3.Greengram3Application] [36mStarting Greengram3Application using Java 17.0.8.1 with PID 4352 (D:\Students\kth\greengram3\target\classes started by Administrator in D:\Students\kth\greengram3)[0;39m
[2023-11-29 12:05:40 [32mINFO [0;39m restartedMain] [com.green.greengram3.Greengram3Application] [36mNo active profile set, falling back to 1 default profile: "default"[0;39m
[2023-11-29 12:05:40 [32mINFO [0;39m restartedMain] [org.springframework.boot.devtools.env.DevToolsPropertyDefaultsPostProcessor] [36mDevtools property defaults active! Set 'spring.devtools.add-properties' to 'false' to disable[0;39m
[2023-11-29 12:05:40 [32mINFO [0;39m restartedMain] [org.springframework.boot.devtools.env.DevToolsPropertyDefaultsPostProcessor] [36mFor additional web related logging consider setting the 'logging.level.web' property to 'DEBUG'[0;39m
[2023-11-29 12:05:40 [32mINFO [0;39m restartedMain] [org.springframework.boot.web.embedded.tomcat.TomcatWebServer] [36mTomcat initialized with port 8080 (http)[0;39m
[2023-11-29 12:05:40 [32mINFO [0;39m restartedMain] [org.apache.coyote.http11.Http11NioProtocol] [36mInitializing ProtocolHandler ["http-nio-8080"][0;39m
[2023-11-29 12:05:40 [32mINFO [0;39m restartedMain] [org.apache.catalina.core.StandardService] [36mStarting service [Tomcat][0;39m
[2023-11-29 12:05:40 [32mINFO [0;39m restartedMain] [org.apache.catalina.core.StandardEngine] [36mStarting Servlet engine: [Apache Tomcat/10.1.16][0;39m
[2023-11-29 12:05:40 [32mINFO [0;39m restartedMain] [org.apache.catalina.core.ContainerBase.[Tomcat].[localhost].[/]] [36mInitializing Spring embedded WebApplicationContext[0;39m
[2023-11-29 12:05:40 [32mINFO [0;39m restartedMain] [org.springframework.boot.web.servlet.context.ServletWebServerApplicationContext] [36mRoot WebApplicationContext: initialization completed in 678 ms[0;39m
[2023-11-29 12:05:41 [32mINFO [0;39m restartedMain] [org.springframework.boot.devtools.autoconfigure.OptionalLiveReloadServer] [36mLiveReload server is running on port 35729[0;39m
[2023-11-29 12:05:41 [32mINFO [0;39m restartedMain] [org.apache.coyote.http11.Http11NioProtocol] [36mStarting ProtocolHandler ["http-nio-8080"][0;39m
[2023-11-29 12:05:41 [32mINFO [0;39m restartedMain] [org.springframework.boot.web.embedded.tomcat.TomcatWebServer] [36mTomcat started on port 8080 (http) with context path ''[0;39m
[2023-11-29 12:05:41 [32mINFO [0;39m restartedMain] [com.green.greengram3.Greengram3Application] [36mStarted Greengram3Application in 1.467 seconds (process running for 1.821)[0;39m
[2023-11-29 12:05:59 [32mINFO [0;39m http-nio-8080-exec-1] [org.apache.catalina.core.ContainerBase.[Tomcat].[localhost].[/]] [36mInitializing Spring DispatcherServlet 'dispatcherServlet'[0;39m
[2023-11-29 12:05:59 [32mINFO [0;39m http-nio-8080-exec-1] [org.springframework.web.servlet.DispatcherServlet] [36mInitializing Servlet 'dispatcherServlet'[0;39m
[2023-11-29 12:05:59 [32mINFO [0;39m http-nio-8080-exec-1] [org.springframework.web.servlet.DispatcherServlet] [36mCompleted initialization in 1 ms[0;39m
[2023-11-29 12:05:59 [32mINFO [0;39m http-nio-8080-exec-9] [org.springdoc.api.AbstractOpenApiResource] [36mInit duration for springdoc-openapi is: 116 ms[0;39m
[2023-11-29 12:06:15 [32mINFO [0;39m http-nio-8080-exec-10] [com.green.greengram3.user.UserController] [36mdto : UserSignupDto(uid=asd, upw=123, nm=bbb, pic=ccc)[0;39m
[2023-11-29 12:07:27 [32mINFO [0;39m http-nio-8080-exec-8] [com.green.greengram3.user.UserController] [36mdto : UserSignupDto(uid=star, upw=03132, nm=sss, pic=ttt)[0;39m
[2023-11-29 12:36:28 [32mINFO [0;39m restartedMain] [com.green.greengram3.Greengram3Application] [36mStarting Greengram3Application using Java 17.0.8.1 with PID 8844 (D:\Students\kth\greengram3\target\classes started by Administrator in D:\Students\kth\greengram3)[0;39m
[2023-11-29 12:36:28 [32mINFO [0;39m restartedMain] [com.green.greengram3.Greengram3Application] [36mNo active profile set, falling back to 1 default profile: "default"[0;39m
[2023-11-29 12:36:28 [32mINFO [0;39m restartedMain] [org.springframework.boot.devtools.env.DevToolsPropertyDefaultsPostProcessor] [36mDevtools property defaults active! Set 'spring.devtools.add-properties' to 'false' to disable[0;39m
[2023-11-29 12:36:28 [32mINFO [0;39m restartedMain] [org.springframework.boot.devtools.env.DevToolsPropertyDefaultsPostProcessor] [36mFor additional web related logging consider setting the 'logging.level.web' property to 'DEBUG'[0;39m
[2023-11-29 12:36:29 [32mINFO [0;39m restartedMain] [org.springframework.boot.web.embedded.tomcat.TomcatWebServer] [36mTomcat initialized with port 8080 (http)[0;39m
[2023-11-29 12:36:29 [32mINFO [0;39m restartedMain] [org.apache.coyote.http11.Http11NioProtocol] [36mInitializing ProtocolHandler ["http-nio-8080"][0;39m
[2023-11-29 12:36:29 [32mINFO [0;39m restartedMain] [org.apache.catalina.core.StandardService] [36mStarting service [Tomcat][0;39m
[2023-11-29 12:36:29 [32mINFO [0;39m restartedMain] [org.apache.catalina.core.StandardEngine] [36mStarting Servlet engine: [Apache Tomcat/10.1.16][0;39m
[2023-11-29 12:36:29 [32mINFO [0;39m restartedMain] [org.apache.catalina.core.ContainerBase.[Tomcat].[localhost].[/]] [36mInitializing Spring embedded WebApplicationContext[0;39m
[2023-11-29 12:36:29 [32mINFO [0;39m restartedMain] [org.springframework.boot.web.servlet.context.ServletWebServerApplicationContext] [36mRoot WebApplicationContext: initialization completed in 679 ms[0;39m
[2023-11-29 12:36:29 [32mINFO [0;39m restartedMain] [org.springframework.boot.devtools.autoconfigure.OptionalLiveReloadServer] [36mLiveReload server is running on port 35729[0;39m
[2023-11-29 12:36:29 [32mINFO [0;39m restartedMain] [org.apache.coyote.http11.Http11NioProtocol] [36mStarting ProtocolHandler ["http-nio-8080"][0;39m
[2023-11-29 12:36:29 [32mINFO [0;39m restartedMain] [org.springframework.boot.web.embedded.tomcat.TomcatWebServer] [36mTomcat started on port 8080 (http) with context path ''[0;39m
[2023-11-29 12:36:29 [32mINFO [0;39m restartedMain] [com.green.greengram3.Greengram3Application] [36mStarted Greengram3Application in 1.437 seconds (process running for 1.781)[0;39m
[2023-11-29 12:36:34 [32mINFO [0;39m http-nio-8080-exec-1] [org.apache.catalina.core.ContainerBase.[Tomcat].[localhost].[/]] [36mInitializing Spring DispatcherServlet 'dispatcherServlet'[0;39m
[2023-11-29 12:36:34 [32mINFO [0;39m http-nio-8080-exec-1] [org.springframework.web.servlet.DispatcherServlet] [36mInitializing Servlet 'dispatcherServlet'[0;39m
[2023-11-29 12:36:34 [32mINFO [0;39m http-nio-8080-exec-1] [org.springframework.web.servlet.DispatcherServlet] [36mCompleted initialization in 0 ms[0;39m
[2023-11-29 12:36:34 [32mINFO [0;39m http-nio-8080-exec-8] [org.springdoc.api.AbstractOpenApiResource] [36mInit duration for springdoc-openapi is: 117 ms[0;39m
[2023-11-29 12:36:51 [32mINFO [0;39m File Watcher] [org.springframework.boot.devtools.autoconfigure.LocalDevToolsAutoConfiguration$RestartingClassPathChangeChangedEventListener] [36mRestarting due to 1 class path change (0 additions, 0 deletions, 1 modification)[0;39m
[2023-11-29 12:36:51 [32mINFO [0;39m Thread-5] [org.apache.coyote.http11.Http11NioProtocol] [36mStopping ProtocolHandler ["http-nio-8080"][0;39m
[2023-11-29 12:36:51 [32mINFO [0;39m restartedMain] [com.green.greengram3.Greengram3Application] [36mStarting Greengram3Application using Java 17.0.8.1 with PID 8844 (D:\Students\kth\greengram3\target\classes started by Administrator in D:\Students\kth\greengram3)[0;39m
[2023-11-29 12:36:51 [32mINFO [0;39m restartedMain] [com.green.greengram3.Greengram3Application] [36mNo active profile set, falling back to 1 default profile: "default"[0;39m
[2023-11-29 12:36:51 [32mINFO [0;39m restartedMain] [org.springframework.boot.web.embedded.tomcat.TomcatWebServer] [36mTomcat initialized with port 8080 (http)[0;39m
[2023-11-29 12:36:51 [32mINFO [0;39m restartedMain] [org.apache.coyote.http11.Http11NioProtocol] [36mInitializing ProtocolHandler ["http-nio-8080"][0;39m
[2023-11-29 12:36:51 [32mINFO [0;39m restartedMain] [org.apache.catalina.core.StandardService] [36mStarting service [Tomcat][0;39m
[2023-11-29 12:36:51 [32mINFO [0;39m restartedMain] [org.apache.catalina.core.StandardEngine] [36mStarting Servlet engine: [Apache Tomcat/10.1.16][0;39m
[2023-11-29 12:36:51 [32mINFO [0;39m restartedMain] [org.apache.catalina.core.ContainerBase.[Tomcat].[localhost].[/]] [36mInitializing Spring embedded WebApplicationContext[0;39m
[2023-11-29 12:36:51 [32mINFO [0;39m restartedMain] [org.springframework.boot.web.servlet.context.ServletWebServerApplicationContext] [36mRoot WebApplicationContext: initialization completed in 159 ms[0;39m
[2023-11-29 12:36:51 [32mINFO [0;39m restartedMain] [org.springframework.boot.devtools.autoconfigure.OptionalLiveReloadServer] [36mLiveReload server is running on port 35729[0;39m
[2023-11-29 12:36:51 [32mINFO [0;39m restartedMain] [org.apache.coyote.http11.Http11NioProtocol] [36mStarting ProtocolHandler ["http-nio-8080"][0;39m
[2023-11-29 12:36:51 [32mINFO [0;39m restartedMain] [org.springframework.boot.web.embedded.tomcat.TomcatWebServer] [36mTomcat started on port 8080 (http) with context path ''[0;39m
[2023-11-29 12:36:51 [32mINFO [0;39m restartedMain] [com.green.greengram3.Greengram3Application] [36mStarted Greengram3Application in 0.277 seconds (process running for 23.832)[0;39m
[2023-11-29 12:36:51 [32mINFO [0;39m restartedMain] [org.springframework.boot.devtools.autoconfigure.ConditionEvaluationDeltaLoggingListener] [36mCondition evaluation unchanged[0;39m
[2023-11-29 12:36:52 [32mINFO [0;39m http-nio-8080-exec-1] [org.apache.catalina.core.ContainerBase.[Tomcat].[localhost].[/]] [36mInitializing Spring DispatcherServlet 'dispatcherServlet'[0;39m
[2023-11-29 12:36:52 [32mINFO [0;39m http-nio-8080-exec-1] [org.springframework.web.servlet.DispatcherServlet] [36mInitializing Servlet 'dispatcherServlet'[0;39m
[2023-11-29 12:36:52 [32mINFO [0;39m http-nio-8080-exec-1] [org.springframework.web.servlet.DispatcherServlet] [36mCompleted initialization in 1 ms[0;39m
[2023-11-29 12:36:52 [32mINFO [0;39m http-nio-8080-exec-10] [org.springdoc.api.AbstractOpenApiResource] [36mInit duration for springdoc-openapi is: 21 ms[0;39m
[2023-11-29 12:37:42 [32mINFO [0;39m File Watcher] [org.springframework.boot.devtools.autoconfigure.LocalDevToolsAutoConfiguration$RestartingClassPathChangeChangedEventListener] [36mRestarting due to 1 class path change (0 additions, 1 deletion, 0 modifications)[0;39m
[2023-11-29 12:37:42 [32mINFO [0;39m Thread-7] [org.apache.coyote.http11.Http11NioProtocol] [36mStopping ProtocolHandler ["http-nio-8080"][0;39m
[2023-11-29 12:37:42 [32mINFO [0;39m restartedMain] [com.green.greengram3.Greengram3Application] [36mStarting Greengram3Application using Java 17.0.8.1 with PID 8844 (D:\Students\kth\greengram3\target\classes started by Administrator in D:\Students\kth\greengram3)[0;39m
[2023-11-29 12:37:42 [32mINFO [0;39m restartedMain] [com.green.greengram3.Greengram3Application] [36mNo active profile set, falling back to 1 default profile: "default"[0;39m
[2023-11-29 12:37:43 [32mINFO [0;39m restartedMain] [org.springframework.boot.web.embedded.tomcat.TomcatWebServer] [36mTomcat initialized with port 8080 (http)[0;39m
[2023-11-29 12:37:43 [32mINFO [0;39m restartedMain] [org.apache.coyote.http11.Http11NioProtocol] [36mInitializing ProtocolHandler ["http-nio-8080"][0;39m
[2023-11-29 12:37:43 [32mINFO [0;39m restartedMain] [org.apache.catalina.core.StandardService] [36mStarting service [Tomcat][0;39m
[2023-11-29 12:37:43 [32mINFO [0;39m restartedMain] [org.apache.catalina.core.StandardEngine] [36mStarting Servlet engine: [Apache Tomcat/10.1.16][0;39m
[2023-11-29 12:37:43 [32mINFO [0;39m restartedMain] [org.apache.catalina.core.ContainerBase.[Tomcat].[localhost].[/]] [36mInitializing Spring embedded WebApplicationContext[0;39m
[2023-11-29 12:37:43 [32mINFO [0;39m restartedMain] [org.springframework.boot.web.servlet.context.ServletWebServerApplicationContext] [36mRoot WebApplicationContext: initialization completed in 159 ms[0;39m
[2023-11-29 12:37:43 [32mINFO [0;39m restartedMain] [org.springframework.boot.devtools.autoconfigure.OptionalLiveReloadServer] [36mLiveReload server is running on port 35729[0;39m
[2023-11-29 12:37:43 [32mINFO [0;39m restartedMain] [org.apache.coyote.http11.Http11NioProtocol] [36mStarting ProtocolHandler ["http-nio-8080"][0;39m
[2023-11-29 12:37:43 [32mINFO [0;39m restartedMain] [org.springframework.boot.web.embedded.tomcat.TomcatWebServer] [36mTomcat started on port 8080 (http) with context path ''[0;39m
[2023-11-29 12:37:43 [32mINFO [0;39m restartedMain] [com.green.greengram3.Greengram3Application] [36mStarted Greengram3Application in 0.282 seconds (process running for 75.261)[0;39m
[2023-11-29 12:37:43 [32mINFO [0;39m restartedMain] [org.springframework.boot.devtools.autoconfigure.ConditionEvaluationDeltaLoggingListener] [36mCondition evaluation unchanged[0;39m
[2023-11-29 12:37:44 [32mINFO [0;39m File Watcher] [org.springframework.boot.devtools.autoconfigure.LocalDevToolsAutoConfiguration$RestartingClassPathChangeChangedEventListener] [36mRestarting due to 1 class path change (1 addition, 0 deletions, 0 modifications)[0;39m
[2023-11-29 12:37:44 [32mINFO [0;39m Thread-11] [org.apache.coyote.http11.Http11NioProtocol] [36mStopping ProtocolHandler ["http-nio-8080"][0;39m
[2023-11-29 12:37:44 [32mINFO [0;39m restartedMain] [com.green.greengram3.Greengram3Application] [36mStarting Greengram3Application using Java 17.0.8.1 with PID 8844 (D:\Students\kth\greengram3\target\classes started by Administrator in D:\Students\kth\greengram3)[0;39m
[2023-11-29 12:37:44 [32mINFO [0;39m restartedMain] [com.green.greengram3.Greengram3Application] [36mNo active profile set, falling back to 1 default profile: "default"[0;39m
[2023-11-29 12:37:44 [32mINFO [0;39m restartedMain] [org.springframework.boot.web.embedded.tomcat.TomcatWebServer] [36mTomcat initialized with port 8080 (http)[0;39m
[2023-11-29 12:37:44 [32mINFO [0;39m restartedMain] [org.apache.coyote.http11.Http11NioProtocol] [36mInitializing ProtocolHandler ["http-nio-8080"][0;39m
[2023-11-29 12:37:44 [32mINFO [0;39m restartedMain] [org.apache.catalina.core.StandardService] [36mStarting service [Tomcat][0;39m
[2023-11-29 12:37:44 [32mINFO [0;39m restartedMain] [org.apache.catalina.core.StandardEngine] [36mStarting Servlet engine: [Apache Tomcat/10.1.16][0;39m
[2023-11-29 12:37:44 [32mINFO [0;39m restartedMain] [org.apache.catalina.core.ContainerBase.[Tomcat].[localhost].[/]] [36mInitializing Spring embedded WebApplicationContext[0;39m
[2023-11-29 12:37:44 [32mINFO [0;39m restartedMain] [org.springframework.boot.web.servlet.context.ServletWebServerApplicationContext] [36mRoot WebApplicationContext: initialization completed in 134 ms[0;39m
[2023-11-29 12:37:44 [32mINFO [0;39m restartedMain] [org.springframework.boot.devtools.autoconfigure.OptionalLiveReloadServer] [36mLiveReload server is running on port 35729[0;39m
[2023-11-29 12:37:44 [32mINFO [0;39m restartedMain] [org.apache.coyote.http11.Http11NioProtocol] [36mStarting ProtocolHandler ["http-nio-8080"][0;39m
[2023-11-29 12:37:44 [32mINFO [0;39m restartedMain] [org.springframework.boot.web.embedded.tomcat.TomcatWebServer] [36mTomcat started on port 8080 (http) with context path ''[0;39m
[2023-11-29 12:37:44 [32mINFO [0;39m restartedMain] [com.green.greengram3.Greengram3Application] [36mStarted Greengram3Application in 0.242 seconds (process running for 76.957)[0;39m
[2023-11-29 12:37:44 [32mINFO [0;39m restartedMain] [org.springframework.boot.devtools.autoconfigure.ConditionEvaluationDeltaLoggingListener] [36mCondition evaluation unchanged[0;39m
[2023-11-29 12:37:47 [32mINFO [0;39m http-nio-8080-exec-1] [org.apache.catalina.core.ContainerBase.[Tomcat].[localhost].[/]] [36mInitializing Spring DispatcherServlet 'dispatcherServlet'[0;39m
[2023-11-29 12:37:47 [32mINFO [0;39m http-nio-8080-exec-1] [org.springframework.web.servlet.DispatcherServlet] [36mInitializing Servlet 'dispatcherServlet'[0;39m
[2023-11-29 12:37:47 [32mINFO [0;39m http-nio-8080-exec-1] [org.springframework.web.servlet.DispatcherServlet] [36mCompleted initialization in 1 ms[0;39m
[2023-11-29 12:37:47 [32mINFO [0;39m http-nio-8080-exec-6] [org.springdoc.api.AbstractOpenApiResource] [36mInit duration for springdoc-openapi is: 27 ms[0;39m
[2023-11-29 12:40:57 [32mINFO [0;39m File Watcher] [org.springframework.boot.devtools.autoconfigure.LocalDevToolsAutoConfiguration$RestartingClassPathChangeChangedEventListener] [36mRestarting due to 2 class path changes (0 additions, 2 deletions, 0 modifications)[0;39m
[2023-11-29 12:40:57 [32mINFO [0;39m Thread-15] [org.apache.coyote.http11.Http11NioProtocol] [36mStopping ProtocolHandler ["http-nio-8080"][0;39m
[2023-11-29 12:40:58 [32mINFO [0;39m restartedMain] [com.green.greengram3.Greengram3Application] [36mStarting Greengram3Application using Java 17.0.8.1 with PID 8844 (D:\Students\kth\greengram3\target\classes started by Administrator in D:\Students\kth\greengram3)[0;39m
[2023-11-29 12:40:58 [32mINFO [0;39m restartedMain] [com.green.greengram3.Greengram3Application] [36mNo active profile set, falling back to 1 default profile: "default"[0;39m
[2023-11-29 12:40:58 [32mINFO [0;39m restartedMain] [org.springframework.boot.web.embedded.tomcat.TomcatWebServer] [36mTomcat initialized with port 8080 (http)[0;39m
[2023-11-29 12:40:58 [32mINFO [0;39m restartedMain] [org.apache.coyote.http11.Http11NioProtocol] [36mInitializing ProtocolHandler ["http-nio-8080"][0;39m
[2023-11-29 12:40:58 [32mINFO [0;39m restartedMain] [org.apache.catalina.core.StandardService] [36mStarting service [Tomcat][0;39m
[2023-11-29 12:40:58 [32mINFO [0;39m restartedMain] [org.apache.catalina.core.StandardEngine] [36mStarting Servlet engine: [Apache Tomcat/10.1.16][0;39m
[2023-11-29 12:40:58 [32mINFO [0;39m restartedMain] [org.apache.catalina.core.ContainerBase.[Tomcat].[localhost].[/]] [36mInitializing Spring embedded WebApplicationContext[0;39m
[2023-11-29 12:40:58 [32mINFO [0;39m restartedMain] [org.springframework.boot.web.servlet.context.ServletWebServerApplicationContext] [36mRoot WebApplicationContext: initialization completed in 137 ms[0;39m
[2023-11-29 12:40:58 [32mINFO [0;39m restartedMain] [org.springframework.boot.devtools.autoconfigure.OptionalLiveReloadServer] [36mLiveReload server is running on port 35729[0;39m
[2023-11-29 12:40:58 [32mINFO [0;39m restartedMain] [org.apache.coyote.http11.Http11NioProtocol] [36mStarting ProtocolHandler ["http-nio-8080"][0;39m
[2023-11-29 12:40:58 [32mINFO [0;39m restartedMain] [org.springframework.boot.web.embedded.tomcat.TomcatWebServer] [36mTomcat started on port 8080 (http) with context path ''[0;39m
[2023-11-29 12:40:58 [32mINFO [0;39m restartedMain] [com.green.greengram3.Greengram3Application] [36mStarted Greengram3Application in 0.241 seconds (process running for 270.303)[0;39m
[2023-11-29 12:40:58 [32mINFO [0;39m restartedMain] [org.springframework.boot.devtools.autoconfigure.ConditionEvaluationDeltaLoggingListener] [36mCondition evaluation unchanged[0;39m
[2023-11-29 12:48:54 [32mINFO [0;39m restartedMain] [com.green.greengram3.Greengram3Application] [36mStarting Greengram3Application using Java 17.0.8.1 with PID 1464 (D:\Students\kth\greengram3\target\classes started by Administrator in D:\Students\kth\greengram3)[0;39m
[2023-11-29 12:48:54 [32mINFO [0;39m restartedMain] [com.green.greengram3.Greengram3Application] [36mNo active profile set, falling back to 1 default profile: "default"[0;39m
[2023-11-29 12:48:54 [32mINFO [0;39m restartedMain] [org.springframework.boot.devtools.env.DevToolsPropertyDefaultsPostProcessor] [36mDevtools property defaults active! Set 'spring.devtools.add-properties' to 'false' to disable[0;39m
[2023-11-29 12:48:54 [32mINFO [0;39m restartedMain] [org.springframework.boot.devtools.env.DevToolsPropertyDefaultsPostProcessor] [36mFor additional web related logging consider setting the 'logging.level.web' property to 'DEBUG'[0;39m
[2023-11-29 12:48:54 [32mINFO [0;39m restartedMain] [org.springframework.boot.web.embedded.tomcat.TomcatWebServer] [36mTomcat initialized with port 8080 (http)[0;39m
[2023-11-29 12:48:54 [32mINFO [0;39m restartedMain] [org.apache.coyote.http11.Http11NioProtocol] [36mInitializing ProtocolHandler ["http-nio-8080"][0;39m
[2023-11-29 12:48:54 [32mINFO [0;39m restartedMain] [org.apache.catalina.core.StandardService] [36mStarting service [Tomcat][0;39m
[2023-11-29 12:48:54 [32mINFO [0;39m restartedMain] [org.apache.catalina.core.StandardEngine] [36mStarting Servlet engine: [Apache Tomcat/10.1.16][0;39m
[2023-11-29 12:48:54 [32mINFO [0;39m restartedMain] [org.apache.catalina.core.ContainerBase.[Tomcat].[localhost].[/]] [36mInitializing Spring embedded WebApplicationContext[0;39m
[2023-11-29 12:48:54 [32mINFO [0;39m restartedMain] [org.springframework.boot.web.servlet.context.ServletWebServerApplicationContext] [36mRoot WebApplicationContext: initialization completed in 678 ms[0;39m
[2023-11-29 12:48:55 [32mINFO [0;39m restartedMain] [org.springframework.boot.devtools.autoconfigure.OptionalLiveReloadServer] [36mLiveReload server is running on port 35729[0;39m
[2023-11-29 12:48:55 [32mINFO [0;39m restartedMain] [org.apache.coyote.http11.Http11NioProtocol] [36mStarting ProtocolHandler ["http-nio-8080"][0;39m
[2023-11-29 12:48:55 [32mINFO [0;39m restartedMain] [org.springframework.boot.web.embedded.tomcat.TomcatWebServer] [36mTomcat started on port 8080 (http) with context path ''[0;39m
[2023-11-29 12:48:55 [32mINFO [0;39m restartedMain] [com.green.greengram3.Greengram3Application] [36mStarted Greengram3Application in 1.465 seconds (process running for 1.829)[0;39m
[2023-11-29 12:49:33 [32mINFO [0;39m http-nio-8080-exec-1] [org.apache.catalina.core.ContainerBase.[Tomcat].[localhost].[/]] [36mInitializing Spring DispatcherServlet 'dispatcherServlet'[0;39m
[2023-11-29 12:49:33 [32mINFO [0;39m http-nio-8080-exec-1] [org.springframework.web.servlet.DispatcherServlet] [36mInitializing Servlet 'dispatcherServlet'[0;39m
[2023-11-29 12:49:33 [32mINFO [0;39m http-nio-8080-exec-1] [org.springframework.web.servlet.DispatcherServlet] [36mCompleted initialization in 0 ms[0;39m
[2023-11-29 12:49:33 [32mINFO [0;39m http-nio-8080-exec-1] [com.zaxxer.hikari.HikariDataSource] [36mHikariPool-1 - Starting...[0;39m
[2023-11-29 12:49:33 [32mINFO [0;39m http-nio-8080-exec-1] [com.zaxxer.hikari.pool.HikariPool] [36mHikariPool-1 - Added connection org.mariadb.jdbc.Connection@4c1b4c8d[0;39m
[2023-11-29 12:49:33 [32mINFO [0;39m http-nio-8080-exec-1] [com.zaxxer.hikari.HikariDataSource] [36mHikariPool-1 - Start completed.[0;39m
[2023-11-29 12:50:45 [32mINFO [0;39m SpringApplicationShutdownHook] [com.zaxxer.hikari.HikariDataSource] [36mHikariPool-1 - Shutdown initiated...[0;39m
[2023-11-29 12:50:45 [32mINFO [0;39m SpringApplicationShutdownHook] [com.zaxxer.hikari.HikariDataSource] [36mHikariPool-1 - Shutdown completed.[0;39m
